<?xml version="1.0" encoding="UTF-8"?>
<!-- Generated by org.testng.reporters.JUnitXMLReporter -->
<testsuite hostname="DST65976" name="HotelApp" tests="8" failures="8" timestamp="28 Feb 2018 05:10:49 GMT" time="2249.59" errors="0">
  <testcase name="prePay" time="327.979" classname="test.apptest.hotel.OrderPrePay">
    <failure type="java.lang.AssertionError" message="The following asserts failed:
房型名称不一致">
      <![CDATA[java.lang.AssertionError: The following asserts failed:
房型名称不一致
	at test.apptest.hotel.OrderPrePay.payPage(OrderPrePay.java:323)
	at test.apptest.hotel.OrderPrePay.prePay(OrderPrePay.java:73)
	at org.springframework.test.context.testng.AbstractTestNGSpringContextTests.run(AbstractTestNGSpringContextTests.java:175)
... Removed 31 stack frames]]>
    </failure>
  </testcase> <!-- prePay -->
  <testcase name="prePay" time="226.482" classname="test.apptest.hotel.OrderPrePay">
    <failure type="org.openqa.selenium.TimeoutException" message="Timed out after 60 seconds waiting for visibility of element located by By.id: tvTotal
Build info: version: &amp;apos;2.53.1&amp;apos;, revision: &amp;apos;a36b8b1cd5757287168e54b817830adce9b0158d&amp;apos;, time: &amp;apos;2016-06-30 19:26:09&amp;apos;
System info: host: &amp;apos;DST65976&amp;apos;, ip: &amp;apos;10.32.86.32&amp;apos;, os.name: &amp;apos;Windows 7&amp;apos;, os.arch: &amp;apos;amd64&amp;apos;, os.version: &amp;apos;6.1&amp;apos;, java.version: &amp;apos;1.8.0_121&amp;apos;
Driver info: io.appium.java_client.android.AndroidDriver
Capabilities [{appPackage=ctrip.english.debug, noReset=true, deviceName=127.0.0.1:62025, platform=LINUX, deviceUDID=127.0.0.1:62025, desired={appPackage=ctrip.english.debug, appActivity=com.ctrip.ibu.myctrip.main.module.home.IBUHomeActivity, noReset=true, noSign=true, newCommandTimeout=10, platformVersion=null, browserName=, unicodeKeyboard=true, platformName=Android, deviceName=Android Emulator, resetKeyboard=true, autoAcceptAlerts=True}, newCommandTimeout=10, platformVersion=5.1.1, webStorageEnabled=false, takesScreenshot=true, browserName=, javascriptEnabled=true, unicodeKeyboard=true, platformName=Android, deviceManufacturer=Xiaomi, resetKeyboard=true, deviceScreenSize=720x1280, networkConnectionEnabled=true, noSign=true, warnings={}, databaseEnabled=false, appActivity=com.ctrip.ibu.myctrip.main.module.home.IBUHomeActivity, locationContextEnabled=false, deviceModel=MI 6, autoAcceptAlerts=True}]
Session ID: 64ee48f3-7b0d-4bf1-8eda-d3f9df557871">
      <![CDATA[org.openqa.selenium.TimeoutException: Timed out after 60 seconds waiting for visibility of element located by By.id: tvTotal
Build info: version: '2.53.1', revision: 'a36b8b1cd5757287168e54b817830adce9b0158d', time: '2016-06-30 19:26:09'
System info: host: 'DST65976', ip: '10.32.86.32', os.name: 'Windows 7', os.arch: 'amd64', os.version: '6.1', java.version: '1.8.0_121'
Driver info: io.appium.java_client.android.AndroidDriver
Capabilities [{appPackage=ctrip.english.debug, noReset=true, deviceName=127.0.0.1:62025, platform=LINUX, deviceUDID=127.0.0.1:62025, desired={appPackage=ctrip.english.debug, appActivity=com.ctrip.ibu.myctrip.main.module.home.IBUHomeActivity, noReset=true, noSign=true, newCommandTimeout=10, platformVersion=null, browserName=, unicodeKeyboard=true, platformName=Android, deviceName=Android Emulator, resetKeyboard=true, autoAcceptAlerts=True}, newCommandTimeout=10, platformVersion=5.1.1, webStorageEnabled=false, takesScreenshot=true, browserName=, javascriptEnabled=true, unicodeKeyboard=true, platformName=Android, deviceManufacturer=Xiaomi, resetKeyboard=true, deviceScreenSize=720x1280, networkConnectionEnabled=true, noSign=true, warnings={}, databaseEnabled=false, appActivity=com.ctrip.ibu.myctrip.main.module.home.IBUHomeActivity, locationContextEnabled=false, deviceModel=MI 6, autoAcceptAlerts=True}]
Session ID: 64ee48f3-7b0d-4bf1-8eda-d3f9df557871
	at org.openqa.selenium.support.ui.WebDriverWait.timeoutException(WebDriverWait.java:80)
	at org.openqa.selenium.support.ui.FluentWait.until(FluentWait.java:261)
	at test.apptest.hotel.OrderPrePay.payPage(OrderPrePay.java:214)
	at test.apptest.hotel.OrderPrePay.prePay(OrderPrePay.java:73)
	at org.springframework.test.context.testng.AbstractTestNGSpringContextTests.run(AbstractTestNGSpringContextTests.java:175)
Caused by: org.openqa.selenium.NoSuchElementException: An element could not be located on the page using the given search parameters. (WARNING: The server did not provide any stacktrace information)
Command duration or timeout: 110 milliseconds
For documentation on this error, please visit: http://seleniumhq.org/exceptions/no_such_element.html
Build info: version: '2.53.1', revision: 'a36b8b1cd5757287168e54b817830adce9b0158d', time: '2016-06-30 19:26:09'
System info: host: 'DST65976', ip: '10.32.86.32', os.name: 'Windows 7', os.arch: 'amd64', os.version: '6.1', java.version: '1.8.0_121'
Driver info: io.appium.java_client.android.AndroidDriver
Capabilities [{appPackage=ctrip.english.debug, noReset=true, deviceName=127.0.0.1:62025, platform=LINUX, deviceUDID=127.0.0.1:62025, desired={appPackage=ctrip.english.debug, appActivity=com.ctrip.ibu.myctrip.main.module.home.IBUHomeActivity, noReset=true, noSign=true, newCommandTimeout=10, platformVersion=null, browserName=, unicodeKeyboard=true, platformName=Android, deviceName=Android Emulator, resetKeyboard=true, autoAcceptAlerts=True}, newCommandTimeout=10, platformVersion=5.1.1, webStorageEnabled=false, takesScreenshot=true, browserName=, javascriptEnabled=true, unicodeKeyboard=true, platformName=Android, deviceManufacturer=Xiaomi, resetKeyboard=true, deviceScreenSize=720x1280, networkConnectionEnabled=true, noSign=true, warnings={}, databaseEnabled=false, appActivity=com.ctrip.ibu.myctrip.main.module.home.IBUHomeActivity, locationContextEnabled=false, deviceModel=MI 6, autoAcceptAlerts=True}]
Session ID: 64ee48f3-7b0d-4bf1-8eda-d3f9df557871
*** Element info: {Using=id, value=tvTotal}
	at org.openqa.selenium.remote.ErrorHandler.createThrowable(ErrorHandler.java:206)
	at org.openqa.selenium.remote.ErrorHandler.throwIfResponseFailed(ErrorHandler.java:158)
	at org.openqa.selenium.remote.RemoteWebDriver.execute(RemoteWebDriver.java:678)
	at io.appium.java_client.DefaultGenericMobileDriver.execute(DefaultGenericMobileDriver.java:40)
	at io.appium.java_client.AppiumDriver.execute(AppiumDriver.java:1)
	at io.appium.java_client.android.AndroidDriver.execute(AndroidDriver.java:1)
	at org.openqa.selenium.remote.RemoteWebDriver.findElement(RemoteWebDriver.java:363)
	at io.appium.java_client.DefaultGenericMobileDriver.findElement(DefaultGenericMobileDriver.java:56)
	at io.appium.java_client.AppiumDriver.findElement(AppiumDriver.java:1)
	at io.appium.java_client.android.AndroidDriver.findElement(AndroidDriver.java:1)
	at org.openqa.selenium.remote.RemoteWebDriver.findElementById(RemoteWebDriver.java:413)
	at io.appium.java_client.DefaultGenericMobileDriver.findElementById(DefaultGenericMobileDriver.java:64)
	at io.appium.java_client.AppiumDriver.findElementById(AppiumDriver.java:1)
	at io.appium.java_client.android.AndroidDriver.findElementById(AndroidDriver.java:1)
	at org.openqa.selenium.By$ById.findElement(By.java:218)
	at org.openqa.selenium.remote.RemoteWebDriver.findElement(RemoteWebDriver.java:355)
	at io.appium.java_client.DefaultGenericMobileDriver.findElement(DefaultGenericMobileDriver.java:52)
	at io.appium.java_client.AppiumDriver.findElement(AppiumDriver.java:1)
	at io.appium.java_client.android.AndroidDriver.findElement(AndroidDriver.java:1)
	at org.openqa.selenium.support.ui.ExpectedConditions.findElement(ExpectedConditions.java:899)
	at org.openqa.selenium.support.ui.ExpectedConditions.access$000(ExpectedConditions.java:41)
	at org.openqa.selenium.support.ui.ExpectedConditions$7.apply(ExpectedConditions.java:205)
	at org.openqa.selenium.support.ui.ExpectedConditions$7.apply(ExpectedConditions.java:201)
	at org.openqa.selenium.support.ui.FluentWait.until(FluentWait.java:238)
	... 33 more
... Removed 33 stack frames]]>
    </failure>
  </testcase> <!-- prePay -->
  <testcase name="prePay" time="277.216" classname="test.apptest.hotel.OrderPrePay">
    <failure type="java.lang.AssertionError" message="The following asserts failed:
房型名称不一致">
      <![CDATA[java.lang.AssertionError: The following asserts failed:
房型名称不一致
	at test.apptest.hotel.OrderPrePay.payPage(OrderPrePay.java:323)
	at test.apptest.hotel.OrderPrePay.prePay(OrderPrePay.java:73)
	at org.springframework.test.context.testng.AbstractTestNGSpringContextTests.run(AbstractTestNGSpringContextTests.java:175)
... Removed 31 stack frames]]>
    </failure>
  </testcase> <!-- prePay -->
  <testcase name="prePay" time="277.866" classname="test.apptest.hotel.OrderPrePay">
    <failure type="java.lang.AssertionError" message="The following asserts failed:
房型名称不一致">
      <![CDATA[java.lang.AssertionError: The following asserts failed:
房型名称不一致
	at test.apptest.hotel.OrderPrePay.payPage(OrderPrePay.java:323)
	at test.apptest.hotel.OrderPrePay.prePay(OrderPrePay.java:73)
	at org.springframework.test.context.testng.AbstractTestNGSpringContextTests.run(AbstractTestNGSpringContextTests.java:175)
... Removed 31 stack frames]]>
    </failure>
  </testcase> <!-- prePay -->
  <testcase name="prePay" time="281.907" classname="test.apptest.hotel.OrderPrePay">
    <failure type="java.lang.AssertionError" message="The following asserts failed:
房型名称不一致">
      <![CDATA[java.lang.AssertionError: The following asserts failed:
房型名称不一致
	at test.apptest.hotel.OrderPrePay.payPage(OrderPrePay.java:323)
	at test.apptest.hotel.OrderPrePay.prePay(OrderPrePay.java:73)
	at org.springframework.test.context.testng.AbstractTestNGSpringContextTests.run(AbstractTestNGSpringContextTests.java:175)
... Removed 31 stack frames]]>
    </failure>
  </testcase> <!-- prePay -->
  <testcase name="prePay" time="277.737" classname="test.apptest.hotel.OrderPrePay">
    <failure type="java.lang.AssertionError" message="The following asserts failed:
房型名称不一致">
      <![CDATA[java.lang.AssertionError: The following asserts failed:
房型名称不一致
	at test.apptest.hotel.OrderPrePay.payPage(OrderPrePay.java:323)
	at test.apptest.hotel.OrderPrePay.prePay(OrderPrePay.java:73)
	at org.springframework.test.context.testng.AbstractTestNGSpringContextTests.run(AbstractTestNGSpringContextTests.java:175)
... Removed 31 stack frames]]>
    </failure>
  </testcase> <!-- prePay -->
  <testcase name="prePay" time="268.497" classname="test.apptest.hotel.OrderPrePay">
    <failure type="java.lang.AssertionError" message="The following asserts failed:
房型名称不一致">
      <![CDATA[java.lang.AssertionError: The following asserts failed:
房型名称不一致
	at test.apptest.hotel.OrderPrePay.payPage(OrderPrePay.java:323)
	at test.apptest.hotel.OrderPrePay.prePay(OrderPrePay.java:73)
	at org.springframework.test.context.testng.AbstractTestNGSpringContextTests.run(AbstractTestNGSpringContextTests.java:175)
... Removed 31 stack frames]]>
    </failure>
  </testcase> <!-- prePay -->
  <testcase name="prePay" time="267.502" classname="test.apptest.hotel.OrderPrePay">
    <failure type="java.lang.AssertionError" message="The following asserts failed:
房型名称不一致">
      <![CDATA[java.lang.AssertionError: The following asserts failed:
房型名称不一致
	at test.apptest.hotel.OrderPrePay.payPage(OrderPrePay.java:323)
	at test.apptest.hotel.OrderPrePay.prePay(OrderPrePay.java:73)
	at org.springframework.test.context.testng.AbstractTestNGSpringContextTests.run(AbstractTestNGSpringContextTests.java:175)
... Removed 31 stack frames]]>
    </failure>
  </testcase> <!-- prePay -->
</testsuite> <!-- HotelApp -->
