<?xml version="1.0" encoding="UTF-8"?>
<testsuite name="HotelHomePage"
           tests="9"
           failures="1"
           errors="0"
           skipped="0"
           time="131.939">
  <properties />
            <testcase name="hotelSearch" time="12.636" classname="test.apptest.hotel.HomeKeySearch">
                <failure type="java.lang.AssertionError"
                  message="expected:&lt;圣淘沙島&gt; but was:&lt;聖淘沙島&gt;"
              >
<![CDATA[java.lang.AssertionError: expected:<圣淘沙島> but was:<聖淘沙島>
  org.testng.AssertJUnit.assertEquals(AssertJUnit.java:101)
  org.testng.AssertJUnit.assertEquals(AssertJUnit.java:108)
  test.apptest.hotel.HomeKeySearch.hotelSearch(HomeKeySearch.java:68)
  sun.reflect.NativeMethodAccessorImpl.invoke0(Native Method)
  sun.reflect.NativeMethodAccessorImpl.invoke(NativeMethodAccessorImpl.java:62)
  sun.reflect.DelegatingMethodAccessorImpl.invoke(DelegatingMethodAccessorImpl.java:43)
  java.lang.reflect.Method.invoke(Method.java:498)
  org.testng.internal.MethodInvocationHelper.invokeMethod(MethodInvocationHelper.java:80)
  org.testng.internal.MethodInvocationHelper$1.runTestMethod(MethodInvocationHelper.java:182)
  org.springframework.test.context.testng.AbstractTestNGSpringContextTests.run(AbstractTestNGSpringContextTests.java:175)
  sun.reflect.NativeMethodAccessorImpl.invoke0(Native Method)
  sun.reflect.NativeMethodAccessorImpl.invoke(NativeMethodAccessorImpl.java:62)
  sun.reflect.DelegatingMethodAccessorImpl.invoke(DelegatingMethodAccessorImpl.java:43)
  java.lang.reflect.Method.invoke(Method.java:498)
  org.testng.internal.MethodInvocationHelper.invokeHookable(MethodInvocationHelper.java:194)
  org.testng.internal.Invoker.invokeMethod(Invoker.java:707)
  org.testng.internal.Invoker.invokeTestMethod(Invoker.java:901)
  org.testng.internal.Invoker.invokeTestMethods(Invoker.java:1231)
  org.testng.internal.TestMethodWorker.invokeTestMethods(TestMethodWorker.java:127)
  org.testng.internal.TestMethodWorker.run(TestMethodWorker.java:111)
  org.testng.TestRunner.privateRun(TestRunner.java:767)
  org.testng.TestRunner.run(TestRunner.java:617)
  org.testng.SuiteRunner.runTest(SuiteRunner.java:334)
  org.testng.SuiteRunner.runSequentially(SuiteRunner.java:329)
  org.testng.SuiteRunner.privateRun(SuiteRunner.java:291)
  org.testng.SuiteRunner.run(SuiteRunner.java:240)
  org.testng.SuiteRunnerWorker.runSuite(SuiteRunnerWorker.java:52)
  org.testng.SuiteRunnerWorker.run(SuiteRunnerWorker.java:86)
  org.testng.TestNG.runSuitesSequentially(TestNG.java:1198)
  org.testng.TestNG.runSuitesLocally(TestNG.java:1123)
  org.testng.TestNG.run(TestNG.java:1031)
  org.testng.remote.AbstractRemoteTestNG.run(AbstractRemoteTestNG.java:126)
  org.testng.remote.RemoteTestNG.initAndRun(RemoteTestNG.java:152)
  org.testng.remote.RemoteTestNG.main(RemoteTestNG.java:57)
]]>
      </failure>

          </testcase>
  
  
            <testcase name="hotelSearch" time="19.274" classname="test.apptest.hotel.HomeKeySearch" />
                <testcase name="hotelSearch" time="13.450" classname="test.apptest.hotel.HomeKeySearch" />
                <testcase name="hotelSearch" time="15.788" classname="test.apptest.hotel.HomeKeySearch" />
                <testcase name="hotelSearch" time="13.609" classname="test.apptest.hotel.HomeKeySearch" />
                <testcase name="recentSearches" time="11.808" classname="test.apptest.hotel.HomeKeySearch" />
                <testcase name="hotelSearch" time="13.869" classname="test.apptest.hotel.HomeKeySearch" />
                <testcase name="hotelSearch" time="17.801" classname="test.apptest.hotel.HomeKeySearch" />
                <testcase name="hotelSearch" time="13.704" classname="test.apptest.hotel.HomeKeySearch" />
      
</testsuite>
