<?xml version="1.0" encoding="UTF-8"?>
<testsuite name="HotelListPage"
           tests="21"
           failures="2"
           errors="0"
           skipped="19"
           time="32.527">
  <properties />
            <testcase name="afterMethod" time="0.000" classname="test.apptest.hotel.ListFilter">
                <failure type="org.openqa.selenium.TimeoutException"
                  message="Timed out after 30 seconds waiting for element to be clickable: By.id: iv_back
Build info: version: &apos;2.53.1&apos;, revision: &apos;a36b8b1cd5757287168e54b817830adce9b0158d&apos;, time: &apos;2016-06-30 19:26:09&apos;
System info: host: &apos;DST65976&apos;, ip: &apos;10.32.86.32&apos;, os.name: &apos;Windows 7&apos;, os.arch: &apos;amd64&apos;, os.version: &apos;6.1&apos;, java.version: &apos;1.8.0_121&apos;
Driver info: io.appium.java_client.android.AndroidDriver
Capabilities [{appPackage=ctrip.english, noReset=true, deviceName=127.0.0.1:62025, platform=LINUX, deviceUDID=127.0.0.1:62025, desired={appPackage=ctrip.english, noReset=true, noSign=true, deviceName=Android Emulator, appActivity=com.ctrip.ibu.myctrip.main.module.home.IBUHomeActivity, newCommandTimeout=10, platformVersion=null, browserName=, unicodeKeyboard=true, platformName=Android, udid=127.0.0.1:62025, resetKeyboard=true, autoAcceptAlerts=True}, newCommandTimeout=10, platformVersion=5.1.1, webStorageEnabled=false, takesScreenshot=true, browserName=, javascriptEnabled=true, unicodeKeyboard=true, platformName=Android, udid=127.0.0.1:62025, deviceManufacturer=Xiaomi, resetKeyboard=true, deviceScreenSize=720x1280, networkConnectionEnabled=true, noSign=true, warnings={}, databaseEnabled=false, appActivity=com.ctrip.ibu.myctrip.main.module.home.IBUHomeActivity, locationContextEnabled=false, deviceModel=MI 6, autoAcceptAlerts=True}]
Session ID: 67e275cb-2a21-4715-acb4-0e97a2d798ca"
              >
<![CDATA[org.openqa.selenium.TimeoutException: Timed out after 30 seconds waiting for element to be clickable: By.id: iv_back
Build info: version: '2.53.1', revision: 'a36b8b1cd5757287168e54b817830adce9b0158d', time: '2016-06-30 19:26:09'
System info: host: 'DST65976', ip: '10.32.86.32', os.name: 'Windows 7', os.arch: 'amd64', os.version: '6.1', java.version: '1.8.0_121'
Driver info: io.appium.java_client.android.AndroidDriver
Capabilities [{appPackage=ctrip.english, noReset=true, deviceName=127.0.0.1:62025, platform=LINUX, deviceUDID=127.0.0.1:62025, desired={appPackage=ctrip.english, noReset=true, noSign=true, deviceName=Android Emulator, appActivity=com.ctrip.ibu.myctrip.main.module.home.IBUHomeActivity, newCommandTimeout=10, platformVersion=null, browserName=, unicodeKeyboard=true, platformName=Android, udid=127.0.0.1:62025, resetKeyboard=true, autoAcceptAlerts=True}, newCommandTimeout=10, platformVersion=5.1.1, webStorageEnabled=false, takesScreenshot=true, browserName=, javascriptEnabled=true, unicodeKeyboard=true, platformName=Android, udid=127.0.0.1:62025, deviceManufacturer=Xiaomi, resetKeyboard=true, deviceScreenSize=720x1280, networkConnectionEnabled=true, noSign=true, warnings={}, databaseEnabled=false, appActivity=com.ctrip.ibu.myctrip.main.module.home.IBUHomeActivity, locationContextEnabled=false, deviceModel=MI 6, autoAcceptAlerts=True}]
Session ID: 67e275cb-2a21-4715-acb4-0e97a2d798ca
  org.openqa.selenium.support.ui.WebDriverWait.timeoutException(WebDriverWait.java:80)
  org.openqa.selenium.support.ui.FluentWait.until(FluentWait.java:261)
  test.apptest.hotel.ListFilter.afterMethod(ListFilter.java:312)
  sun.reflect.NativeMethodAccessorImpl.invoke0(Native Method)
  sun.reflect.NativeMethodAccessorImpl.invoke(NativeMethodAccessorImpl.java:62)
  sun.reflect.DelegatingMethodAccessorImpl.invoke(DelegatingMethodAccessorImpl.java:43)
  java.lang.reflect.Method.invoke(Method.java:498)
  org.testng.internal.MethodInvocationHelper.invokeMethod(MethodInvocationHelper.java:80)
  org.testng.internal.Invoker.invokeConfigurationMethod(Invoker.java:564)
  org.testng.internal.Invoker.invokeConfigurations(Invoker.java:213)
  org.testng.internal.Invoker.invokeMethod(Invoker.java:786)
  org.testng.internal.Invoker.invokeTestMethod(Invoker.java:901)
  org.testng.internal.Invoker.invokeTestMethods(Invoker.java:1231)
  org.testng.internal.TestMethodWorker.invokeTestMethods(TestMethodWorker.java:127)
  org.testng.internal.TestMethodWorker.run(TestMethodWorker.java:111)
  org.testng.TestRunner.privateRun(TestRunner.java:767)
  org.testng.TestRunner.run(TestRunner.java:617)
  org.testng.SuiteRunner.runTest(SuiteRunner.java:334)
  org.testng.SuiteRunner.runSequentially(SuiteRunner.java:329)
  org.testng.SuiteRunner.privateRun(SuiteRunner.java:291)
  org.testng.SuiteRunner.run(SuiteRunner.java:240)
  org.testng.SuiteRunnerWorker.runSuite(SuiteRunnerWorker.java:52)
  org.testng.SuiteRunnerWorker.run(SuiteRunnerWorker.java:86)
  org.testng.TestNG.runSuitesSequentially(TestNG.java:1198)
  org.testng.TestNG.runSuitesLocally(TestNG.java:1123)
  org.testng.TestNG.run(TestNG.java:1031)
  org.testng.remote.AbstractRemoteTestNG.run(AbstractRemoteTestNG.java:126)
  org.testng.remote.RemoteTestNG.initAndRun(RemoteTestNG.java:152)
  org.testng.remote.RemoteTestNG.main(RemoteTestNG.java:57)
Caused by: org.openqa.selenium.NoSuchElementException: An element could not be located on the page using the given search parameters. (WARNING: The server did not provide any stacktrace information)
Command duration or timeout: 91 milliseconds
For documentation on this error, please visit: http://seleniumhq.org/exceptions/no_such_element.html
Build info: version: '2.53.1', revision: 'a36b8b1cd5757287168e54b817830adce9b0158d', time: '2016-06-30 19:26:09'
System info: host: 'DST65976', ip: '10.32.86.32', os.name: 'Windows 7', os.arch: 'amd64', os.version: '6.1', java.version: '1.8.0_121'
Driver info: io.appium.java_client.android.AndroidDriver
Capabilities [{appPackage=ctrip.english, noReset=true, deviceName=127.0.0.1:62025, platform=LINUX, deviceUDID=127.0.0.1:62025, desired={appPackage=ctrip.english, noReset=true, noSign=true, deviceName=Android Emulator, appActivity=com.ctrip.ibu.myctrip.main.module.home.IBUHomeActivity, newCommandTimeout=10, platformVersion=null, browserName=, unicodeKeyboard=true, platformName=Android, udid=127.0.0.1:62025, resetKeyboard=true, autoAcceptAlerts=True}, newCommandTimeout=10, platformVersion=5.1.1, webStorageEnabled=false, takesScreenshot=true, browserName=, javascriptEnabled=true, unicodeKeyboard=true, platformName=Android, udid=127.0.0.1:62025, deviceManufacturer=Xiaomi, resetKeyboard=true, deviceScreenSize=720x1280, networkConnectionEnabled=true, noSign=true, warnings={}, databaseEnabled=false, appActivity=com.ctrip.ibu.myctrip.main.module.home.IBUHomeActivity, locationContextEnabled=false, deviceModel=MI 6, autoAcceptAlerts=True}]
Session ID: 67e275cb-2a21-4715-acb4-0e97a2d798ca
*** Element info: {Using=id, value=iv_back}
  sun.reflect.GeneratedConstructorAccessor35.newInstance(Unknown Source)
  sun.reflect.DelegatingConstructorAccessorImpl.newInstance(DelegatingConstructorAccessorImpl.java:45)
  java.lang.reflect.Constructor.newInstance(Constructor.java:423)
  org.openqa.selenium.remote.ErrorHandler.createThrowable(ErrorHandler.java:206)
  org.openqa.selenium.remote.ErrorHandler.throwIfResponseFailed(ErrorHandler.java:158)
  org.openqa.selenium.remote.RemoteWebDriver.execute(RemoteWebDriver.java:678)
  io.appium.java_client.DefaultGenericMobileDriver.execute(DefaultGenericMobileDriver.java:40)
  io.appium.java_client.AppiumDriver.execute(AppiumDriver.java:1)
  io.appium.java_client.android.AndroidDriver.execute(AndroidDriver.java:1)
  org.openqa.selenium.remote.RemoteWebDriver.findElement(RemoteWebDriver.java:363)
  io.appium.java_client.DefaultGenericMobileDriver.findElement(DefaultGenericMobileDriver.java:56)
  io.appium.java_client.AppiumDriver.findElement(AppiumDriver.java:1)
  io.appium.java_client.android.AndroidDriver.findElement(AndroidDriver.java:1)
  org.openqa.selenium.remote.RemoteWebDriver.findElementById(RemoteWebDriver.java:413)
  io.appium.java_client.DefaultGenericMobileDriver.findElementById(DefaultGenericMobileDriver.java:64)
  io.appium.java_client.AppiumDriver.findElementById(AppiumDriver.java:1)
  io.appium.java_client.android.AndroidDriver.findElementById(AndroidDriver.java:1)
  org.openqa.selenium.By$ById.findElement(By.java:218)
  org.openqa.selenium.remote.RemoteWebDriver.findElement(RemoteWebDriver.java:355)
  io.appium.java_client.DefaultGenericMobileDriver.findElement(DefaultGenericMobileDriver.java:52)
  io.appium.java_client.AppiumDriver.findElement(AppiumDriver.java:1)
  io.appium.java_client.android.AndroidDriver.findElement(AndroidDriver.java:1)
  org.openqa.selenium.support.ui.ExpectedConditions.findElement(ExpectedConditions.java:899)
  org.openqa.selenium.support.ui.ExpectedConditions.access$000(ExpectedConditions.java:41)
  org.openqa.selenium.support.ui.ExpectedConditions$7.apply(ExpectedConditions.java:205)
  org.openqa.selenium.support.ui.ExpectedConditions$7.apply(ExpectedConditions.java:201)
  org.openqa.selenium.support.ui.ExpectedConditions$22.apply(ExpectedConditions.java:653)
  org.openqa.selenium.support.ui.ExpectedConditions$22.apply(ExpectedConditions.java:646)
  org.openqa.selenium.support.ui.FluentWait.until(FluentWait.java:238)
  test.apptest.hotel.ListFilter.afterMethod(ListFilter.java:312)
  sun.reflect.NativeMethodAccessorImpl.invoke0(Native Method)
  sun.reflect.NativeMethodAccessorImpl.invoke(NativeMethodAccessorImpl.java:62)
  sun.reflect.DelegatingMethodAccessorImpl.invoke(DelegatingMethodAccessorImpl.java:43)
  java.lang.reflect.Method.invoke(Method.java:498)
  org.testng.internal.MethodInvocationHelper.invokeMethod(MethodInvocationHelper.java:80)
  org.testng.internal.Invoker.invokeConfigurationMethod(Invoker.java:564)
  org.testng.internal.Invoker.invokeConfigurations(Invoker.java:213)
  org.testng.internal.Invoker.invokeMethod(Invoker.java:786)
  org.testng.internal.Invoker.invokeTestMethod(Invoker.java:901)
  org.testng.internal.Invoker.invokeTestMethods(Invoker.java:1231)
  org.testng.internal.TestMethodWorker.invokeTestMethods(TestMethodWorker.java:127)
  org.testng.internal.TestMethodWorker.run(TestMethodWorker.java:111)
  org.testng.TestRunner.privateRun(TestRunner.java:767)
  org.testng.TestRunner.run(TestRunner.java:617)
  org.testng.SuiteRunner.runTest(SuiteRunner.java:334)
  org.testng.SuiteRunner.runSequentially(SuiteRunner.java:329)
  org.testng.SuiteRunner.privateRun(SuiteRunner.java:291)
  org.testng.SuiteRunner.run(SuiteRunner.java:240)
  org.testng.SuiteRunnerWorker.runSuite(SuiteRunnerWorker.java:52)
  org.testng.SuiteRunnerWorker.run(SuiteRunnerWorker.java:86)
  org.testng.TestNG.runSuitesSequentially(TestNG.java:1198)
  org.testng.TestNG.runSuitesLocally(TestNG.java:1123)
  org.testng.TestNG.run(TestNG.java:1031)
  org.testng.remote.AbstractRemoteTestNG.run(AbstractRemoteTestNG.java:126)
  org.testng.remote.RemoteTestNG.initAndRun(RemoteTestNG.java:152)
  org.testng.remote.RemoteTestNG.main(RemoteTestNG.java:57)
]]>
      </failure>

          </testcase>
            <testcase name="cityFilter" time="32.519" classname="test.apptest.hotel.ListFilter">
                <failure type="java.lang.IndexOutOfBoundsException"
                  message="Index: 0, Size: 0"
              >
<![CDATA[java.lang.IndexOutOfBoundsException: Index: 0, Size: 0
  java.util.ArrayList.rangeCheck(ArrayList.java:653)
  java.util.ArrayList.get(ArrayList.java:429)
  test.apptest.hotel.ListFilter.cityFilter(ListFilter.java:135)
  sun.reflect.NativeMethodAccessorImpl.invoke0(Native Method)
  sun.reflect.NativeMethodAccessorImpl.invoke(NativeMethodAccessorImpl.java:62)
  sun.reflect.DelegatingMethodAccessorImpl.invoke(DelegatingMethodAccessorImpl.java:43)
  java.lang.reflect.Method.invoke(Method.java:498)
  org.testng.internal.MethodInvocationHelper.invokeMethod(MethodInvocationHelper.java:80)
  org.testng.internal.MethodInvocationHelper$1.runTestMethod(MethodInvocationHelper.java:182)
  org.springframework.test.context.testng.AbstractTestNGSpringContextTests.run(AbstractTestNGSpringContextTests.java:175)
  sun.reflect.GeneratedMethodAccessor21.invoke(Unknown Source)
  sun.reflect.DelegatingMethodAccessorImpl.invoke(DelegatingMethodAccessorImpl.java:43)
  java.lang.reflect.Method.invoke(Method.java:498)
  org.testng.internal.MethodInvocationHelper.invokeHookable(MethodInvocationHelper.java:194)
  org.testng.internal.Invoker.invokeMethod(Invoker.java:707)
  org.testng.internal.Invoker.invokeTestMethod(Invoker.java:901)
  org.testng.internal.Invoker.invokeTestMethods(Invoker.java:1231)
  org.testng.internal.TestMethodWorker.invokeTestMethods(TestMethodWorker.java:127)
  org.testng.internal.TestMethodWorker.run(TestMethodWorker.java:111)
  org.testng.TestRunner.privateRun(TestRunner.java:767)
  org.testng.TestRunner.run(TestRunner.java:617)
  org.testng.SuiteRunner.runTest(SuiteRunner.java:334)
  org.testng.SuiteRunner.runSequentially(SuiteRunner.java:329)
  org.testng.SuiteRunner.privateRun(SuiteRunner.java:291)
  org.testng.SuiteRunner.run(SuiteRunner.java:240)
  org.testng.SuiteRunnerWorker.runSuite(SuiteRunnerWorker.java:52)
  org.testng.SuiteRunnerWorker.run(SuiteRunnerWorker.java:86)
  org.testng.TestNG.runSuitesSequentially(TestNG.java:1198)
  org.testng.TestNG.runSuitesLocally(TestNG.java:1123)
  org.testng.TestNG.run(TestNG.java:1031)
  org.testng.remote.AbstractRemoteTestNG.run(AbstractRemoteTestNG.java:126)
  org.testng.remote.RemoteTestNG.initAndRun(RemoteTestNG.java:152)
  org.testng.remote.RemoteTestNG.main(RemoteTestNG.java:57)
]]>
      </failure>

          </testcase>
  
            <testcase name="afterMethod" time="0.0" classname="test.apptest.hotel.ListFilter">
          <skipped />
    </testcase>
            <testcase name="springTestContextBeforeTestMethod" time="0.0" classname="test.apptest.hotel.ListFilter">
          <skipped />
    </testcase>
            <testcase name="afterMethod" time="0.0" classname="test.apptest.hotel.ListFilter">
          <skipped />
    </testcase>
            <testcase name="afterMethod" time="0.0" classname="test.apptest.hotel.ListFilter">
          <skipped />
    </testcase>
            <testcase name="afterMethod" time="0.0" classname="test.apptest.hotel.ListFilter">
          <skipped />
    </testcase>
            <testcase name="springTestContextBeforeTestMethod" time="0.0" classname="test.apptest.hotel.ListFilter">
          <skipped />
    </testcase>
            <testcase name="afterClass" time="0.0" classname="test.apptest.hotel.ListFilter">
          <skipped />
    </testcase>
            <testcase name="afterMethod" time="0.0" classname="test.apptest.hotel.ListFilter">
          <skipped />
    </testcase>
            <testcase name="springTestContextBeforeTestMethod" time="0.0" classname="test.apptest.hotel.ListFilter">
          <skipped />
    </testcase>
            <testcase name="springTestContextBeforeTestMethod" time="0.0" classname="test.apptest.hotel.ListFilter">
          <skipped />
    </testcase>
            <testcase name="afterMethod" time="0.0" classname="test.apptest.hotel.ListFilter">
          <skipped />
    </testcase>
            <testcase name="springTestContextBeforeTestMethod" time="0.0" classname="test.apptest.hotel.ListFilter">
          <skipped />
    </testcase>
            <testcase name="springTestContextBeforeTestMethod" time="0.0" classname="test.apptest.hotel.ListFilter">
          <skipped />
    </testcase>
            <testcase name="removeFilters" time="0.0" classname="test.apptest.hotel.ListFilter">
          <skipped />
    </testcase>
            <testcase name="filterMarkland" time="0.0" classname="test.apptest.hotel.ListFilter">
          <skipped />
    </testcase>
            <testcase name="lessFilterResult" time="0.0" classname="test.apptest.hotel.ListFilter">
          <skipped />
    </testcase>
            <testcase name="commercialFilter" time="0.0" classname="test.apptest.hotel.ListFilter">
          <skipped />
    </testcase>
            <testcase name="emptyFilterResult" time="0.0" classname="test.apptest.hotel.ListFilter">
          <skipped />
    </testcase>
            <testcase name="filterOthers" time="0.0" classname="test.apptest.hotel.ListFilter">
          <skipped />
    </testcase>
  
  
</testsuite>
