<?xml version="1.0" encoding="UTF-8"?>
<!-- Generated by org.testng.reporters.JUnitReportReporter -->
<testsuite hostname="DST65976" name="test.apptest.hotel.HomeKeySearch" tests="9" failures="0" timestamp="1 Mar 2018 04:25:55 GMT" time="355.533" errors="1">
  <testcase name="hotelSearch" time="41.849" classname="test.apptest.hotel.HomeKeySearch"/>
  <testcase name="hotelSearch" time="43.690" classname="test.apptest.hotel.HomeKeySearch"/>
  <testcase name="hotelSearch" time="37.921" classname="test.apptest.hotel.HomeKeySearch"/>
  <testcase name="recentSearches" time="27.158" classname="test.apptest.hotel.HomeKeySearch"/>
  <testcase name="hotelSearch" time="42.007" classname="test.apptest.hotel.HomeKeySearch"/>
  <testcase name="hotelSearch" time="40.291" classname="test.apptest.hotel.HomeKeySearch"/>
  <testcase name="hotelSearch" time="38.134" classname="test.apptest.hotel.HomeKeySearch"/>
  <testcase name="hotelSearch" time="43.887" classname="test.apptest.hotel.HomeKeySearch"/>
  <testcase name="hotelSearch" time="40.596" classname="test.apptest.hotel.HomeKeySearch">
    <error type="java.lang.AssertionError" message="expected:&lt;圣淘沙島&gt; but was:&lt;聖淘沙島&gt;">
      <![CDATA[java.lang.AssertionError: expected:<圣淘沙島> but was:<聖淘沙島>
	at org.testng.AssertJUnit.assertEquals(AssertJUnit.java:101)
	at org.testng.AssertJUnit.assertEquals(AssertJUnit.java:108)
	at test.apptest.hotel.HomeKeySearch.hotelSearch(HomeKeySearch.java:75)
	at sun.reflect.NativeMethodAccessorImpl.invoke0(Native Method)
	at sun.reflect.NativeMethodAccessorImpl.invoke(NativeMethodAccessorImpl.java:62)
	at sun.reflect.DelegatingMethodAccessorImpl.invoke(DelegatingMethodAccessorImpl.java:43)
	at java.lang.reflect.Method.invoke(Method.java:498)
	at org.testng.internal.MethodInvocationHelper.invokeMethod(MethodInvocationHelper.java:80)
	at org.testng.internal.MethodInvocationHelper$1.runTestMethod(MethodInvocationHelper.java:182)
	at org.springframework.test.context.testng.AbstractTestNGSpringContextTests.run(AbstractTestNGSpringContextTests.java:175)
	at sun.reflect.NativeMethodAccessorImpl.invoke0(Native Method)
	at sun.reflect.NativeMethodAccessorImpl.invoke(NativeMethodAccessorImpl.java:62)
	at sun.reflect.DelegatingMethodAccessorImpl.invoke(DelegatingMethodAccessorImpl.java:43)
	at java.lang.reflect.Method.invoke(Method.java:498)
	at org.testng.internal.MethodInvocationHelper.invokeHookable(MethodInvocationHelper.java:194)
	at org.testng.internal.Invoker.invokeMethod(Invoker.java:707)
	at org.testng.internal.Invoker.invokeTestMethod(Invoker.java:901)
	at org.testng.internal.Invoker.invokeTestMethods(Invoker.java:1231)
	at org.testng.internal.TestMethodWorker.invokeTestMethods(TestMethodWorker.java:127)
	at org.testng.internal.TestMethodWorker.run(TestMethodWorker.java:111)
	at org.testng.TestRunner.privateRun(TestRunner.java:767)
	at org.testng.TestRunner.run(TestRunner.java:617)
	at org.testng.SuiteRunner.runTest(SuiteRunner.java:334)
	at org.testng.SuiteRunner.runSequentially(SuiteRunner.java:329)
	at org.testng.SuiteRunner.privateRun(SuiteRunner.java:291)
	at org.testng.SuiteRunner.run(SuiteRunner.java:240)
	at org.testng.SuiteRunnerWorker.runSuite(SuiteRunnerWorker.java:52)
	at org.testng.SuiteRunnerWorker.run(SuiteRunnerWorker.java:86)
	at org.testng.TestNG.runSuitesSequentially(TestNG.java:1198)
	at org.testng.TestNG.runSuitesLocally(TestNG.java:1123)
	at org.testng.TestNG.run(TestNG.java:1031)
	at org.testng.remote.AbstractRemoteTestNG.run(AbstractRemoteTestNG.java:126)
	at org.testng.remote.RemoteTestNG.initAndRun(RemoteTestNG.java:152)
	at org.testng.remote.RemoteTestNG.main(RemoteTestNG.java:57)
]]>
    </error>
  </testcase> <!-- hotelSearch -->
</testsuite> <!-- test.apptest.hotel.HomeKeySearch -->
